/home/kisangpark/v60_ws/install/tag_follow/lib/python3.10/site-packages/tag_follow/fake_robot.py
/home/kisangpark/v60_ws/install/tag_follow/lib/python3.10/site-packages/tag_follow/tag_location.py
/home/kisangpark/v60_ws/install/tag_follow/lib/python3.10/site-packages/tag_follow/__init__.py
/home/kisangpark/v60_ws/install/tag_follow/lib/python3.10/site-packages/tag_follow/follower.py
/home/kisangpark/v60_ws/install/tag_follow/lib/python3.10/site-packages/tag_follow/video_parser/__init__.py
/home/kisangpark/v60_ws/install/tag_follow/lib/python3.10/site-packages/tag_follow/video_parser/aruco_tag.py
/home/kisangpark/v60_ws/install/tag_follow/lib/python3.10/site-packages/tag_follow/__pycache__/fake_robot.cpython-310.pyc
/home/kisangpark/v60_ws/install/tag_follow/lib/python3.10/site-packages/tag_follow/__pycache__/tag_location.cpython-310.pyc
/home/kisangpark/v60_ws/install/tag_follow/lib/python3.10/site-packages/tag_follow/__pycache__/__init__.cpython-310.pyc
/home/kisangpark/v60_ws/install/tag_follow/lib/python3.10/site-packages/tag_follow/__pycache__/follower.cpython-310.pyc
/home/kisangpark/v60_ws/install/tag_follow/lib/python3.10/site-packages/tag_follow/video_parser/__pycache__/__init__.cpython-310.pyc
/home/kisangpark/v60_ws/install/tag_follow/lib/python3.10/site-packages/tag_follow/video_parser/__pycache__/aruco_tag.cpython-310.pyc
/home/kisangpark/v60_ws/install/tag_follow/share/ament_index/resource_index/packages/tag_follow
/home/kisangpark/v60_ws/install/tag_follow/share/tag_follow/package.xml
/home/kisangpark/v60_ws/install/tag_follow/share/tag_follow/launch/full.launch.py
/home/kisangpark/v60_ws/install/tag_follow/lib/python3.10/site-packages/tag_follow-0.0.0-py3.10.egg-info/entry_points.txt
/home/kisangpark/v60_ws/install/tag_follow/lib/python3.10/site-packages/tag_follow-0.0.0-py3.10.egg-info/zip-safe
/home/kisangpark/v60_ws/install/tag_follow/lib/python3.10/site-packages/tag_follow-0.0.0-py3.10.egg-info/SOURCES.txt
/home/kisangpark/v60_ws/install/tag_follow/lib/python3.10/site-packages/tag_follow-0.0.0-py3.10.egg-info/top_level.txt
/home/kisangpark/v60_ws/install/tag_follow/lib/python3.10/site-packages/tag_follow-0.0.0-py3.10.egg-info/PKG-INFO
/home/kisangpark/v60_ws/install/tag_follow/lib/python3.10/site-packages/tag_follow-0.0.0-py3.10.egg-info/requires.txt
/home/kisangpark/v60_ws/install/tag_follow/lib/python3.10/site-packages/tag_follow-0.0.0-py3.10.egg-info/dependency_links.txt
/home/kisangpark/v60_ws/install/tag_follow/lib/tag_follow/fake_robot
/home/kisangpark/v60_ws/install/tag_follow/lib/tag_follow/follower
/home/kisangpark/v60_ws/install/tag_follow/lib/tag_follow/tag_locator
